<?xml version="1.0" encoding="UTF-8"?>
<!-- Generated by org.testng.reporters.JUnitReportReporter -->
<testsuite hostname="LAPTOP-UULIG8AC" failures="0" tests="1" name="com.nopCommerce.testCases.TC_AddCustomerTest_003" time="26.664" errors="0" timestamp="24 Nov 2022 10:23:20 GMT" skipped="0">
  <testcase classname="com.nopCommerce.testCases.TC_AddCustomerTest_003" name="addNewCustomer" time="26.664"/>
</testsuite> <!-- com.nopCommerce.testCases.TC_AddCustomerTest_003 -->
