<?xml version="1.0" encoding="UTF-8"?>
<!-- Generated by org.testng.reporters.JUnitReportReporter -->
<testsuite hostname="LAPTOP-UULIG8AC" failures="0" tests="1" name="com.nopCommerce.testCases.TC_LoginTest_001" time="14.849" errors="0" timestamp="24 Nov 2022 12:24:54 GMT" skipped="0">
  <testcase classname="com.nopCommerce.testCases.TC_LoginTest_001" name="login" time="14.849"/>
</testsuite> <!-- com.nopCommerce.testCases.TC_LoginTest_001 -->
